
## 11:56:51 - 23/01/19 - Data for https://m.vk.cc

email => 89967724729
pass => flwx827272

## 12:00:43 - 23/01/19 - Data for https://m.vk.cc

email => fo
pass => sksk

## 12:01:01 - 23/01/19 - Data for https://m.vk.cc

email => \xd0\xbf\xd1\x80\xd0\xb0\xd0\xbb\xd0\xb0
pass => \xd0\xb2\xd0\xbb\xd0\xb2\xd0\xbb\xd0\xb2\xd0\xbb

## 12:01:30 - 23/01/19 - Data for https://m.vk.cc

email => \xd0\xb0

## 12:01:42 - 23/01/19 - Data for https://m.vk.cc

email => \xd0\xb1

## 12:01:57 - 23/01/19 - Data for https://m.vk.cc

email => \xd0\xb2

## 12:02:09 - 23/01/19 - Data for https://m.vk.cc

email => \xd0\xb2\xd0\xb0

## 12:02:28 - 23/01/19 - Data for https://m.vk.cc

email => \xd1\x8f\xd1\x8e

## 12:03:14 - 23/01/19 - Data for https://m.vk.cc

email => \xd0\xbf\xd1\x80\xd0\xb8\xd0\xb2\xd0\xb5\xd1\x82

## 12:09:33 - 23/01/19 - Data for https://m.vk.cc

email => eee3
pass => 3333

## 12:09:33 - 23/01/19 - Data for https://m.vk.cc

email => eee3
pass => 3333

## 12:09:33 - 23/01/19 - Data for https://m.vk.cc

email => eee3
pass => 3333

## 12:09:33 - 23/01/19 - Data for https://m.vk.cc

email => eee3
pass => 3333

## 12:09:33 - 23/01/19 - Data for https://m.vk.cc

email => eee3
pass => 3333

## 12:09:33 - 23/01/19 - Data for https://m.vk.cc

email => eee3
pass => 3333

## 12:09:33 - 23/01/19 - Data for https://m.vk.cc

email => eee3
pass => 3333

## 12:09:33 - 23/01/19 - Data for https://m.vk.cc

email => eee3
pass => 3333

## 12:09:34 - 23/01/19 - Data for https://m.vk.cc

email => eee3
pass => 3333

## 12:09:34 - 23/01/19 - Data for https://m.vk.cc

email => eee3
pass => 3333

## 12:09:34 - 23/01/19 - Data for https://m.vk.cc

email => eee3
pass => 3333

## 12:09:34 - 23/01/19 - Data for https://m.vk.cc

email => eee3
pass => 3333

## 12:09:34 - 23/01/19 - Data for https://m.vk.cc

email => eee3
pass => 3333

## 12:09:34 - 23/01/19 - Data for https://m.vk.cc

email => eee3
pass => 3333

## 12:09:34 - 23/01/19 - Data for https://m.vk.cc

email => eee3
pass => 3333

## 12:09:34 - 23/01/19 - Data for https://m.vk.cc

email => eee3
pass => 3333

## 12:09:34 - 23/01/19 - Data for https://m.vk.cc

email => eee3
pass => 3333

## 12:09:34 - 23/01/19 - Data for https://m.vk.cc

email => eee3
pass => 3333

## 12:09:34 - 23/01/19 - Data for https://m.vk.cc

email => eee3
pass => 3333

## 12:09:35 - 23/01/19 - Data for https://m.vk.cc

email => eee3
pass => 3333

## 12:09:35 - 23/01/19 - Data for https://m.vk.cc

email => eee3
pass => 3333

## 12:09:35 - 23/01/19 - Data for https://m.vk.cc

email => eee3
pass => 3333

## 12:09:35 - 23/01/19 - Data for https://m.vk.cc

email => eee3
pass => 3333

## 12:09:35 - 23/01/19 - Data for https://m.vk.cc

email => eee3
pass => 3333

## 12:09:35 - 23/01/19 - Data for https://m.vk.cc

email => eee3
pass => 3333

## 12:09:35 - 23/01/19 - Data for https://m.vk.cc

email => eee3
pass => 3333

## 12:09:35 - 23/01/19 - Data for https://m.vk.cc

email => eee3
pass => 3333

## 12:09:35 - 23/01/19 - Data for https://m.vk.cc

email => eee3
pass => 3333

## 12:09:35 - 23/01/19 - Data for https://m.vk.cc

email => eee3
pass => 3333

## 12:09:36 - 23/01/19 - Data for https://m.vk.cc

email => eee3
pass => 3333

## 12:09:36 - 23/01/19 - Data for https://m.vk.cc

email => eee3
pass => 3333

## 12:09:36 - 23/01/19 - Data for https://m.vk.cc

email => eee3
pass => 3333

## 12:09:36 - 23/01/19 - Data for https://m.vk.cc

email => eee3
pass => 3333

## 12:09:36 - 23/01/19 - Data for https://m.vk.cc

email => eee3
pass => 3333

## 12:09:36 - 23/01/19 - Data for https://m.vk.cc

email => eee3
pass => 3333

## 12:09:36 - 23/01/19 - Data for https://m.vk.cc

email => eee3
pass => 3333

## 12:09:36 - 23/01/19 - Data for https://m.vk.cc

email => eee3
pass => 3333

## 12:09:37 - 23/01/19 - Data for https://m.vk.cc

email => eee3
pass => 3333

## 12:09:37 - 23/01/19 - Data for https://m.vk.cc

email => eee3
pass => 3333

## 12:09:37 - 23/01/19 - Data for https://m.vk.cc

email => eee3
pass => 3333

## 12:09:37 - 23/01/19 - Data for https://m.vk.cc

email => eee3
pass => 3333

## 12:09:37 - 23/01/19 - Data for https://m.vk.cc

email => eee3
pass => 3333

## 12:09:37 - 23/01/19 - Data for https://m.vk.cc

email => eee3
pass => 3333

## 12:09:37 - 23/01/19 - Data for https://m.vk.cc

email => eee3
pass => 3333

## 12:09:37 - 23/01/19 - Data for https://m.vk.cc

email => eee3
pass => 3333

## 12:09:37 - 23/01/19 - Data for https://m.vk.cc

email => eee3
pass => 3333

## 12:09:37 - 23/01/19 - Data for https://m.vk.cc

email => eee3
pass => 3333

## 12:09:37 - 23/01/19 - Data for https://m.vk.cc

email => eee3
pass => 3333

## 12:09:38 - 23/01/19 - Data for https://m.vk.cc

email => eee3
pass => 3333

## 12:09:38 - 23/01/19 - Data for https://m.vk.cc

email => eee3
pass => 3333

## 12:09:38 - 23/01/19 - Data for https://m.vk.cc

email => eee3
pass => 3333

## 12:09:38 - 23/01/19 - Data for https://m.vk.cc

email => eee3
pass => 3333

## 12:09:38 - 23/01/19 - Data for https://m.vk.cc

email => eee3
pass => 3333

## 12:09:38 - 23/01/19 - Data for https://m.vk.cc

email => eee3
pass => 3333

## 12:09:38 - 23/01/19 - Data for https://m.vk.cc

email => eee3
pass => 3333

## 12:09:38 - 23/01/19 - Data for https://m.vk.cc

email => eee3
pass => 3333

## 12:09:38 - 23/01/19 - Data for https://m.vk.cc

email => eee3
pass => 3333

## 12:09:39 - 23/01/19 - Data for https://m.vk.cc

email => eee3
pass => 3333

## 12:09:39 - 23/01/19 - Data for https://m.vk.cc

email => eee3
pass => 3333

## 12:09:40 - 23/01/19 - Data for https://m.vk.cc

email => eee3
pass => 3333

## 12:09:40 - 23/01/19 - Data for https://m.vk.cc

email => eee3
pass => 3333

## 12:09:40 - 23/01/19 - Data for https://m.vk.cc

email => eee3
pass => 3333

## 12:09:40 - 23/01/19 - Data for https://m.vk.cc

email => eee3
pass => 3333

## 12:09:40 - 23/01/19 - Data for https://m.vk.cc

email => eee3
pass => 3333

## 12:09:40 - 23/01/19 - Data for https://m.vk.cc

email => eee3
pass => 3333

## 12:09:40 - 23/01/19 - Data for https://m.vk.cc

email => eee3
pass => 3333

## 12:09:40 - 23/01/19 - Data for https://m.vk.cc

email => eee3
pass => 3333

## 12:09:40 - 23/01/19 - Data for https://m.vk.cc

email => eee3
pass => 3333

## 12:09:40 - 23/01/19 - Data for https://m.vk.cc

email => eee3
pass => 3333

## 12:09:41 - 23/01/19 - Data for https://m.vk.cc

email => eee3
pass => 3333

## 12:09:41 - 23/01/19 - Data for https://m.vk.cc

email => eee3
pass => 3333

## 12:09:41 - 23/01/19 - Data for https://m.vk.cc

email => eee3
pass => 3333

## 12:09:41 - 23/01/19 - Data for https://m.vk.cc

email => eee3
pass => 3333

## 12:09:41 - 23/01/19 - Data for https://m.vk.cc

email => eee3
pass => 3333

## 12:09:41 - 23/01/19 - Data for https://m.vk.cc

email => eee3
pass => 3333

## 12:09:41 - 23/01/19 - Data for https://m.vk.cc

email => eee3
pass => 3333

## 12:09:41 - 23/01/19 - Data for https://m.vk.cc

email => eee3
pass => 3333

## 12:09:41 - 23/01/19 - Data for https://m.vk.cc

email => eee3
pass => 3333

## 12:09:41 - 23/01/19 - Data for https://m.vk.cc

email => eee3
pass => 3333

## 12:09:41 - 23/01/19 - Data for https://m.vk.cc

email => eee3
pass => 3333

## 12:09:42 - 23/01/19 - Data for https://m.vk.cc

email => eee3
pass => 3333

## 12:09:42 - 23/01/19 - Data for https://m.vk.cc

email => eee3
pass => 3333

## 12:09:42 - 23/01/19 - Data for https://m.vk.cc

email => eee3
pass => 3333

## 12:09:42 - 23/01/19 - Data for https://m.vk.cc

email => eee3
pass => 3333

## 12:09:42 - 23/01/19 - Data for https://m.vk.cc

email => eee3
pass => 3333

## 12:09:42 - 23/01/19 - Data for https://m.vk.cc

email => eee3
pass => 3333

## 12:09:42 - 23/01/19 - Data for https://m.vk.cc

email => eee3
pass => 3333

## 12:09:42 - 23/01/19 - Data for https://m.vk.cc

email => eee3
pass => 3333

## 12:09:42 - 23/01/19 - Data for https://m.vk.cc

email => eee3
pass => 3333

## 12:09:43 - 23/01/19 - Data for https://m.vk.cc

email => eee3
pass => 3333

## 12:09:43 - 23/01/19 - Data for https://m.vk.cc

email => eee3
pass => 3333

## 12:09:43 - 23/01/19 - Data for https://m.vk.cc

email => eee3
pass => 3333

## 12:09:43 - 23/01/19 - Data for https://m.vk.cc

email => eee3
pass => 3333

## 12:09:43 - 23/01/19 - Data for https://m.vk.cc

email => eee3
pass => 3333

## 12:09:43 - 23/01/19 - Data for https://m.vk.cc

email => eee3
pass => 3333

## 12:09:43 - 23/01/19 - Data for https://m.vk.cc

email => eee3
pass => 3333

## 12:09:43 - 23/01/19 - Data for https://m.vk.cc

email => eee3
pass => 3333

## 12:09:43 - 23/01/19 - Data for https://m.vk.cc

email => eee3
pass => 3333

## 12:09:43 - 23/01/19 - Data for https://m.vk.cc

email => eee3
pass => 3333

## 12:09:43 - 23/01/19 - Data for https://m.vk.cc

email => eee3
pass => 3333

## 12:09:44 - 23/01/19 - Data for https://m.vk.cc

email => eee3
pass => 3333

## 12:09:44 - 23/01/19 - Data for https://m.vk.cc

email => eee3
pass => 3333

## 12:09:44 - 23/01/19 - Data for https://m.vk.cc

email => eee3
pass => 3333

## 12:09:44 - 23/01/19 - Data for https://m.vk.cc

email => eee3
pass => 3333

## 12:09:44 - 23/01/19 - Data for https://m.vk.cc

email => eee3
pass => 3333

## 12:09:44 - 23/01/19 - Data for https://m.vk.cc

email => eee3
pass => 3333

## 12:09:44 - 23/01/19 - Data for https://m.vk.cc

email => eee3
pass => 3333

## 12:09:44 - 23/01/19 - Data for https://m.vk.cc

email => eee3
pass => 3333

## 12:09:44 - 23/01/19 - Data for https://m.vk.cc

email => eee3
pass => 3333

## 12:09:44 - 23/01/19 - Data for https://m.vk.cc

email => eee3
pass => 3333

## 12:09:45 - 23/01/19 - Data for https://m.vk.cc

email => eee3
pass => 3333

## 12:09:45 - 23/01/19 - Data for https://m.vk.cc

email => eee3
pass => 3333

## 12:09:45 - 23/01/19 - Data for https://m.vk.cc

email => eee3
pass => 3333

## 12:09:45 - 23/01/19 - Data for https://m.vk.cc

email => eee3
pass => 3333

## 12:09:45 - 23/01/19 - Data for https://m.vk.cc

email => eee3
pass => 3333

## 12:09:45 - 23/01/19 - Data for https://m.vk.cc

email => eee3
pass => 3333

## 12:09:45 - 23/01/19 - Data for https://m.vk.cc

email => eee3
pass => 3333

## 12:09:45 - 23/01/19 - Data for https://m.vk.cc

email => eee3
pass => 3333

## 12:09:45 - 23/01/19 - Data for https://m.vk.cc

email => eee3
pass => 3333

## 12:09:45 - 23/01/19 - Data for https://m.vk.cc

email => eee3
pass => 3333

## 12:09:45 - 23/01/19 - Data for https://m.vk.cc

email => eee3
pass => 3333

## 12:09:46 - 23/01/19 - Data for https://m.vk.cc

email => eee3
pass => 3333

## 12:09:46 - 23/01/19 - Data for https://m.vk.cc

email => eee3
pass => 3333

## 12:09:46 - 23/01/19 - Data for https://m.vk.cc

email => eee3
pass => 3333

## 12:09:46 - 23/01/19 - Data for https://m.vk.cc

email => eee3
pass => 3333

## 12:09:46 - 23/01/19 - Data for https://m.vk.cc

email => eee3
pass => 3333

## 12:09:46 - 23/01/19 - Data for https://m.vk.cc

email => eee3
pass => 3333

## 12:09:46 - 23/01/19 - Data for https://m.vk.cc

email => eee3
pass => 3333

## 12:09:46 - 23/01/19 - Data for https://m.vk.cc

email => eee3
pass => 3333

## 12:09:46 - 23/01/19 - Data for https://m.vk.cc

email => eee3
pass => 3333

## 12:09:46 - 23/01/19 - Data for https://m.vk.cc

email => eee3
pass => 3333

## 12:09:46 - 23/01/19 - Data for https://m.vk.cc

email => eee3
pass => 3333

## 12:09:46 - 23/01/19 - Data for https://m.vk.cc

email => eee3
pass => 3333

## 12:09:47 - 23/01/19 - Data for https://m.vk.cc

email => eee3
pass => 3333

## 12:09:47 - 23/01/19 - Data for https://m.vk.cc

email => eee3
pass => 3333

## 12:09:47 - 23/01/19 - Data for https://m.vk.cc

email => eee3
pass => 3333

## 12:09:47 - 23/01/19 - Data for https://m.vk.cc

email => eee3
pass => 3333

## 12:09:47 - 23/01/19 - Data for https://m.vk.cc

email => eee3
pass => 3333

## 12:09:47 - 23/01/19 - Data for https://m.vk.cc

email => eee3
pass => 3333

## 12:09:47 - 23/01/19 - Data for https://m.vk.cc

email => eee3
pass => 3333

## 12:09:47 - 23/01/19 - Data for https://m.vk.cc

email => eee3
pass => 3333

## 12:09:47 - 23/01/19 - Data for https://m.vk.cc

email => eee3
pass => 3333

## 12:09:47 - 23/01/19 - Data for https://m.vk.cc

email => eee3
pass => 3333

## 12:09:48 - 23/01/19 - Data for https://m.vk.cc

email => eee3
pass => 3333

## 12:09:48 - 23/01/19 - Data for https://m.vk.cc

email => eee3
pass => 3333

## 12:09:48 - 23/01/19 - Data for https://m.vk.cc

email => eee3
pass => 3333

## 12:09:48 - 23/01/19 - Data for https://m.vk.cc

email => eee3
pass => 3333

## 12:09:48 - 23/01/19 - Data for https://m.vk.cc

email => eee3
pass => 3333

## 12:09:48 - 23/01/19 - Data for https://m.vk.cc

email => eee3
pass => 3333

## 12:09:48 - 23/01/19 - Data for https://m.vk.cc

email => eee3
pass => 3333

## 12:09:48 - 23/01/19 - Data for https://m.vk.cc

email => eee3
pass => 3333

## 12:09:48 - 23/01/19 - Data for https://m.vk.cc

email => eee3
pass => 3333

## 12:09:49 - 23/01/19 - Data for https://m.vk.cc

email => eee3
pass => 3333

## 12:09:49 - 23/01/19 - Data for https://m.vk.cc

email => eee3
pass => 3333

## 12:09:49 - 23/01/19 - Data for https://m.vk.cc

email => eee3
pass => 3333

## 12:09:49 - 23/01/19 - Data for https://m.vk.cc

email => eee3
pass => 3333

## 12:09:49 - 23/01/19 - Data for https://m.vk.cc

email => eee3
pass => 3333

## 12:09:49 - 23/01/19 - Data for https://m.vk.cc

email => eee3
pass => 3333

## 12:09:49 - 23/01/19 - Data for https://m.vk.cc

email => eee3
pass => 3333

## 12:09:49 - 23/01/19 - Data for https://m.vk.cc

email => eee3
pass => 3333

## 12:09:49 - 23/01/19 - Data for https://m.vk.cc

email => eee3
pass => 3333

## 12:09:49 - 23/01/19 - Data for https://m.vk.cc

email => eee3
pass => 3333

## 12:09:50 - 23/01/19 - Data for https://m.vk.cc

email => eee3
pass => 3333

## 12:09:50 - 23/01/19 - Data for https://m.vk.cc

email => eee3
pass => 3333

## 12:09:50 - 23/01/19 - Data for https://m.vk.cc

email => eee3
pass => 3333

## 12:09:50 - 23/01/19 - Data for https://m.vk.cc

email => eee3
pass => 3333

## 12:09:50 - 23/01/19 - Data for https://m.vk.cc

email => eee3
pass => 3333

## 12:09:50 - 23/01/19 - Data for https://m.vk.cc

email => eee3
pass => 3333

## 12:09:50 - 23/01/19 - Data for https://m.vk.cc

email => eee3
pass => 3333

## 12:09:50 - 23/01/19 - Data for https://m.vk.cc

email => eee3
pass => 3333

## 12:09:50 - 23/01/19 - Data for https://m.vk.cc

email => eee3
pass => 3333

## 12:09:50 - 23/01/19 - Data for https://m.vk.cc

email => eee3
pass => 3333

## 12:09:50 - 23/01/19 - Data for https://m.vk.cc

email => eee3
pass => 3333

## 12:09:51 - 23/01/19 - Data for https://m.vk.cc

email => eee3
pass => 3333

## 12:09:51 - 23/01/19 - Data for https://m.vk.cc

email => eee3
pass => 3333

## 12:09:51 - 23/01/19 - Data for https://m.vk.cc

email => eee3
pass => 3333

## 12:09:51 - 23/01/19 - Data for https://m.vk.cc

email => eee3
pass => 3333

## 12:09:51 - 23/01/19 - Data for https://m.vk.cc

email => eee3
pass => 3333

## 12:09:51 - 23/01/19 - Data for https://m.vk.cc

email => eee3
pass => 3333

## 12:09:51 - 23/01/19 - Data for https://m.vk.cc

email => eee3
pass => 3333

## 12:09:51 - 23/01/19 - Data for https://m.vk.cc

email => eee3
pass => 3333

## 12:09:51 - 23/01/19 - Data for https://m.vk.cc

email => eee3
pass => 3333

## 12:09:51 - 23/01/19 - Data for https://m.vk.cc

email => eee3
pass => 3333

## 12:09:52 - 23/01/19 - Data for https://m.vk.cc

email => eee3
pass => 3333

## 12:09:52 - 23/01/19 - Data for https://m.vk.cc

email => eee3
pass => 3333

## 12:09:52 - 23/01/19 - Data for https://m.vk.cc

email => eee3
pass => 3333

## 12:09:52 - 23/01/19 - Data for https://m.vk.cc

email => eee3
pass => 3333

## 12:09:52 - 23/01/19 - Data for https://m.vk.cc

email => eee3
pass => 3333

## 12:09:52 - 23/01/19 - Data for https://m.vk.cc

email => eee3
pass => 3333

## 12:09:52 - 23/01/19 - Data for https://m.vk.cc

email => eee3
pass => 3333

## 12:09:52 - 23/01/19 - Data for https://m.vk.cc

email => eee3
pass => 3333

## 12:09:52 - 23/01/19 - Data for https://m.vk.cc

email => eee3
pass => 3333

## 12:09:53 - 23/01/19 - Data for https://m.vk.cc

email => eee3
pass => 3333

## 12:09:53 - 23/01/19 - Data for https://m.vk.cc

email => eee3
pass => 3333

## 12:09:53 - 23/01/19 - Data for https://m.vk.cc

email => eee3
pass => 3333

## 12:09:53 - 23/01/19 - Data for https://m.vk.cc

email => eee3
pass => 3333

## 12:09:53 - 23/01/19 - Data for https://m.vk.cc

email => eee3
pass => 3333

## 12:09:53 - 23/01/19 - Data for https://m.vk.cc

email => eee3
pass => 3333

## 12:09:53 - 23/01/19 - Data for https://m.vk.cc

email => eee3
pass => 3333

## 12:09:53 - 23/01/19 - Data for https://m.vk.cc

email => eee3
pass => 3333

## 12:09:53 - 23/01/19 - Data for https://m.vk.cc

email => eee3
pass => 3333

## 12:09:53 - 23/01/19 - Data for https://m.vk.cc

email => eee3
pass => 3333

## 12:09:53 - 23/01/19 - Data for https://m.vk.cc

email => eee3
pass => 3333

## 12:09:54 - 23/01/19 - Data for https://m.vk.cc

email => eee3
pass => 3333

## 12:09:54 - 23/01/19 - Data for https://m.vk.cc

email => eee3
pass => 3333

## 12:09:54 - 23/01/19 - Data for https://m.vk.cc

email => eee3
pass => 3333

## 12:09:54 - 23/01/19 - Data for https://m.vk.cc

email => eee3
pass => 3333

## 12:09:54 - 23/01/19 - Data for https://m.vk.cc

email => eee3
pass => 3333

## 12:09:54 - 23/01/19 - Data for https://m.vk.cc

email => eee3
pass => 3333

## 12:09:54 - 23/01/19 - Data for https://m.vk.cc

email => eee3
pass => 3333

## 12:09:54 - 23/01/19 - Data for https://m.vk.cc

email => eee3
pass => 3333

## 12:09:54 - 23/01/19 - Data for https://m.vk.cc

email => eee3
pass => 3333

## 12:09:55 - 23/01/19 - Data for https://m.vk.cc

email => eee3
pass => 3333

## 12:09:55 - 23/01/19 - Data for https://m.vk.cc

email => eee3
pass => 3333

## 12:09:55 - 23/01/19 - Data for https://m.vk.cc

email => eee3
pass => 3333

## 12:09:55 - 23/01/19 - Data for https://m.vk.cc

email => eee3
pass => 3333

## 12:09:55 - 23/01/19 - Data for https://m.vk.cc

email => eee3
pass => 3333

## 12:09:55 - 23/01/19 - Data for https://m.vk.cc

email => eee3
pass => 3333

## 12:09:55 - 23/01/19 - Data for https://m.vk.cc

email => eee3
pass => 3333

## 12:09:55 - 23/01/19 - Data for https://m.vk.cc

email => eee3
pass => 3333

## 12:09:55 - 23/01/19 - Data for https://m.vk.cc

email => eee3
pass => 3333

## 12:09:55 - 23/01/19 - Data for https://m.vk.cc

email => eee3
pass => 3333

## 12:09:55 - 23/01/19 - Data for https://m.vk.cc

email => eee3
pass => 3333

## 12:09:56 - 23/01/19 - Data for https://m.vk.cc

email => eee3
pass => 3333

## 12:09:56 - 23/01/19 - Data for https://m.vk.cc

email => eee3
pass => 3333

## 12:09:56 - 23/01/19 - Data for https://m.vk.cc

email => eee3
pass => 3333

## 12:09:56 - 23/01/19 - Data for https://m.vk.cc

email => eee3
pass => 3333

## 12:09:56 - 23/01/19 - Data for https://m.vk.cc

email => eee3
pass => 3333

## 12:09:56 - 23/01/19 - Data for https://m.vk.cc

email => eee3
pass => 3333

## 12:09:56 - 23/01/19 - Data for https://m.vk.cc

email => eee3
pass => 3333

## 12:09:56 - 23/01/19 - Data for https://m.vk.cc

email => eee3
pass => 3333

## 12:09:56 - 23/01/19 - Data for https://m.vk.cc

email => eee3
pass => 3333

## 12:09:56 - 23/01/19 - Data for https://m.vk.cc

email => eee3
pass => 3333

## 12:09:56 - 23/01/19 - Data for https://m.vk.cc

email => eee3
pass => 3333

## 12:09:56 - 23/01/19 - Data for https://m.vk.cc

email => eee3
pass => 3333

## 12:09:57 - 23/01/19 - Data for https://m.vk.cc

email => eee3
pass => 3333

## 12:09:57 - 23/01/19 - Data for https://m.vk.cc

email => eee3
pass => 3333

## 12:09:57 - 23/01/19 - Data for https://m.vk.cc

email => eee3
pass => 3333

## 12:09:57 - 23/01/19 - Data for https://m.vk.cc

email => eee3
pass => 3333

## 12:09:57 - 23/01/19 - Data for https://m.vk.cc

email => eee3
pass => 3333

## 12:09:57 - 23/01/19 - Data for https://m.vk.cc

email => eee3
pass => 3333

## 12:09:57 - 23/01/19 - Data for https://m.vk.cc

email => eee3
pass => 3333

## 12:09:57 - 23/01/19 - Data for https://m.vk.cc

email => eee3
pass => 3333

## 12:09:57 - 23/01/19 - Data for https://m.vk.cc

email => eee3
pass => 3333

## 12:09:58 - 23/01/19 - Data for https://m.vk.cc

email => eee3
pass => 3333

## 12:09:58 - 23/01/19 - Data for https://m.vk.cc

email => eee3
pass => 3333

## 12:09:58 - 23/01/19 - Data for https://m.vk.cc

email => eee3
pass => 3333

## 12:09:58 - 23/01/19 - Data for https://m.vk.cc

email => eee3
pass => 3333

## 12:09:58 - 23/01/19 - Data for https://m.vk.cc

email => eee3
pass => 3333

## 12:09:58 - 23/01/19 - Data for https://m.vk.cc

email => eee3
pass => 3333

## 12:09:59 - 23/01/19 - Data for https://m.vk.cc

email => eee3
pass => 3333

## 12:09:59 - 23/01/19 - Data for https://m.vk.cc

email => eee3
pass => 3333

## 12:09:59 - 23/01/19 - Data for https://m.vk.cc

email => eee3
pass => 3333

## 12:09:59 - 23/01/19 - Data for https://m.vk.cc

email => eee3
pass => 3333

## 12:09:59 - 23/01/19 - Data for https://m.vk.cc

email => eee3
pass => 3333

## 12:09:59 - 23/01/19 - Data for https://m.vk.cc

email => eee3
pass => 3333

## 12:09:59 - 23/01/19 - Data for https://m.vk.cc

email => eee3
pass => 3333

## 12:10:00 - 23/01/19 - Data for https://m.vk.cc

email => eee3
pass => 3333

## 12:10:00 - 23/01/19 - Data for https://m.vk.cc

email => eee3
pass => 3333

## 12:10:00 - 23/01/19 - Data for https://m.vk.cc

email => eee3
pass => 3333

## 12:10:00 - 23/01/19 - Data for https://m.vk.cc

email => eee3
pass => 3333

## 12:10:00 - 23/01/19 - Data for https://m.vk.cc

email => eee3
pass => 3333

## 12:10:00 - 23/01/19 - Data for https://m.vk.cc

email => eee3
pass => 3333

## 12:10:00 - 23/01/19 - Data for https://m.vk.cc

email => eee3
pass => 3333

## 12:10:00 - 23/01/19 - Data for https://m.vk.cc

email => eee3
pass => 3333

## 12:10:00 - 23/01/19 - Data for https://m.vk.cc

email => eee3
pass => 3333

## 12:10:00 - 23/01/19 - Data for https://m.vk.cc

email => eee3
pass => 3333

## 12:10:00 - 23/01/19 - Data for https://m.vk.cc

email => eee3
pass => 3333

## 12:10:01 - 23/01/19 - Data for https://m.vk.cc

email => eee3
pass => 3333

## 12:10:01 - 23/01/19 - Data for https://m.vk.cc

email => eee3
pass => 3333

## 12:10:01 - 23/01/19 - Data for https://m.vk.cc

email => eee3
pass => 3333

## 12:10:01 - 23/01/19 - Data for https://m.vk.cc

email => eee3
pass => 3333

## 12:10:01 - 23/01/19 - Data for https://m.vk.cc

email => eee3
pass => 3333

## 12:10:01 - 23/01/19 - Data for https://m.vk.cc

email => eee3
pass => 3333

## 12:10:01 - 23/01/19 - Data for https://m.vk.cc

email => eee3
pass => 3333

## 12:10:01 - 23/01/19 - Data for https://m.vk.cc

email => eee3
pass => 3333

## 12:10:02 - 23/01/19 - Data for https://m.vk.cc

email => eee3
pass => 3333

## 12:10:02 - 23/01/19 - Data for https://m.vk.cc

email => eee3
pass => 3333

## 12:10:02 - 23/01/19 - Data for https://m.vk.cc

email => eee3
pass => 3333

## 12:10:02 - 23/01/19 - Data for https://m.vk.cc

email => eee3
pass => 3333

## 12:10:02 - 23/01/19 - Data for https://m.vk.cc

email => eee3
pass => 3333

## 12:10:02 - 23/01/19 - Data for https://m.vk.cc

email => eee3
pass => 3333

## 12:10:02 - 23/01/19 - Data for https://m.vk.cc

email => eee3
pass => 3333

## 18:04:18 - 23/01/19 - Data for https://m.vk.cc

email => login
pass => password

## 18:04:19 - 23/01/19 - Data for https://m.vk.cc

email => login
pass => password

## 18:04:32 - 23/01/19 - Data for https://m.vk.cc

email => ll
pass => pp

## 18:04:32 - 23/01/19 - Data for https://m.vk.cc

email => ll
pass => pp

## 18:05:49 - 23/01/19 - Data for https://m.vk.cc

email => ch

## 18:05:49 - 23/01/19 - Data for https://m.vk.cc

email => ch

## 18:08:21 - 23/01/19 - Data for https://m.vk.cc

email => ch
